INFO:root:Processo de descobrimento de rota iniciado pelo no[0] para o no[4]
INFO:root:Pacote[1][RREQ] dado:[[0]] originario do no 0 recebido pelo no 1
INFO:root:Rotas do no 1: {1: 1, 0: [1, 0]}
INFO:root:Pacote[1][RREQ] dado:[[0, 1]] originario do no 1 recebido pelo no 0
INFO:root:Pacote[1][RREQ] dado:[[0, 1]] originario do no 1 recebido pelo no 2
INFO:root:Rotas do no 2: {2: 2, 1: [2, 1], 0: [2, 1, 0]}
INFO:root:Pacote[1][RREQ] dado:[[0, 1, 2]] originario do no 2 recebido pelo no 1
INFO:root:Pacote[1][RREQ] dado:[[0, 1, 2]] originario do no 2 recebido pelo no 4
INFO:root:Rotas do no 4: {4: 4, 2: [4, 2], 1: [4, 2, 1], 0: [4, 2, 1, 0]}
INFO:root:Pacote[1][RREP] dado:[[4, 2, 1, 0]] originario do no 4 recebido pelo no 2
INFO:root:Rotas do no 2: {2: 2, 1: [2, 1], 0: [2, 1, 0], 4: [2, 4]}
INFO:root:Pacote[1][RREP] dado:[[4, 2, 1, 0]] originario do no 2 recebido pelo no 1
INFO:root:Rotas do no 1: {1: 1, 0: [1, 0], 2: [1, 2], 4: [1, 2, 4]}
INFO:root:Pacote[1][RREP] dado:[[4, 2, 1, 0]] originario do no 1 recebido pelo no 0
INFO:root:Rotas do no 0: {0: 0, 1: [0, 1], 2: [0, 1, 2], 4: [0, 1, 2, 4]}
INFO:root:Pacote[1][RREQ] dado:[[0, 1, 2]] originario do no 2 recebido pelo no 5
INFO:root:Rotas do no 5: {5: 5, 2: [5, 2], 1: [5, 2, 1], 0: [5, 2, 1, 0]}
INFO:root:Pacote[1][RREQ] dado:[[0, 1, 2, 5]] originario do no 5 recebido pelo no 1
INFO:root:Pacote[1][RREQ] dado:[[0, 1, 2, 5]] originario do no 5 recebido pelo no 2
INFO:root:Pacote[1][RREQ] dado:[[0, 1, 2, 5]] originario do no 5 recebido pelo no 4
INFO:root:Pacote[1][RREQ] dado:[[0, 1, 2, 5]] originario do no 5 recebido pelo no 7
INFO:root:Rotas do no 7: {7: 7, 5: [7, 5], 2: [7, 5, 2], 1: [7, 5, 2, 1], 0: [7, 5, 2, 1, 0]}
INFO:root:Pacote[1][RREQ] dado:[[0, 1, 2, 5, 7]] originario do no 7 recebido pelo no 3
INFO:root:Rotas do no 3: {3: 3, 7: [3, 7], 5: [3, 7, 5], 2: [3, 7, 5, 2], 1: [3, 7, 5, 2, 1], 0: [3, 7, 5, 2, 1, 0]}
INFO:root:Pacote[1][RREQ] dado:[[0, 1, 2, 5, 7, 3]] originario do no 3 recebido pelo no 0
INFO:root:Pacote[1][RREQ] dado:[[0, 1, 2, 5, 7, 3]] originario do no 3 recebido pelo no 1
INFO:root:Pacote[1][RREQ] dado:[[0, 1, 2, 5, 7, 3]] originario do no 3 recebido pelo no 4
INFO:root:Pacote[1][RREQ] dado:[[0, 1, 2, 5, 7, 3]] originario do no 3 recebido pelo no 6
INFO:root:Rotas do no 6: {6: 6, 3: [6, 3], 7: [6, 3, 7], 5: [6, 3, 7, 5], 2: [6, 3, 7, 5, 2], 1: [6, 3, 7, 5, 2, 1], 0: [6, 3, 7, 5, 2, 1, 0]}
INFO:root:Pacote[1][RREQ] dado:[[0, 1, 2, 5, 7, 3, 6]] originario do no 6 recebido pelo no 3
INFO:root:Pacote[1][RREQ] dado:[[0, 1, 2, 5, 7, 3, 6]] originario do no 6 recebido pelo no 4
INFO:root:Pacote[1][RREQ] dado:[[0, 1, 2, 5, 7, 3, 6]] originario do no 6 recebido pelo no 7
INFO:root:Pacote[1][RREQ] dado:[[0, 1, 2, 5, 7, 3]] originario do no 3 recebido pelo no 7
INFO:root:Pacote[1][RREQ] dado:[[0, 1, 2, 5, 7]] originario do no 7 recebido pelo no 4
INFO:root:Pacote[1][RREQ] dado:[[0, 1, 2, 5, 7]] originario do no 7 recebido pelo no 5
INFO:root:Pacote[1][RREQ] dado:[[0, 1, 2, 5, 7]] originario do no 7 recebido pelo no 6
INFO:root:Pacote[1][RREQ] dado:[[0, 1, 2, 5, 7]] originario do no 7 recebido pelo no 8
INFO:root:Rotas do no 8: {8: 8, 7: [8, 7], 5: [8, 7, 5], 2: [8, 7, 5, 2], 1: [8, 7, 5, 2, 1], 0: [8, 7, 5, 2, 1, 0]}
INFO:root:Pacote[1][RREQ] dado:[[0, 1, 2, 5, 7, 8]] originario do no 8 recebido pelo no 4
INFO:root:Pacote[1][RREQ] dado:[[0, 1, 2, 5, 7, 8]] originario do no 8 recebido pelo no 5
INFO:root:Pacote[1][RREQ] dado:[[0, 1, 2, 5, 7, 8]] originario do no 8 recebido pelo no 7
INFO:root:Pacote[1][RREQ] dado:[[0, 1, 2, 5]] originario do no 5 recebido pelo no 8
INFO:root:Pacote[1][RREQ] dado:[[0, 1]] originario do no 1 recebido pelo no 3
INFO:root:Pacote[1][RREQ] dado:[[0, 1]] originario do no 1 recebido pelo no 4
INFO:root:Pacote[1][RREQ] dado:[[0, 1]] originario do no 1 recebido pelo no 5
INFO:root:Pacote[1][RREQ] dado:[[0]] originario do no 0 recebido pelo no 3
INFO:root:Pacote[1][RREQ] dado:[[0]] originario do no 0 recebido pelo no 4
INFO:root:Pacote[0][DATA] dado:[[1, 1, 1, 1, 1]] originario do no 0 recebido pelo no 1
INFO:root:Pacote[0][DATA] dado:[[1, 1, 1, 1, 1]] originario do no 1 recebido pelo no 2
INFO:root:Pacote[0][DATA] dado:[[1, 1, 1, 1, 1]] originario do no 2 recebido pelo no 4
INFO:root:Pacote[0][DATA]chegou ao destino final 4
INFO:root:Processo de descobrimento de rota iniciado pelo no[3] para o no[8]
INFO:root:Pacote[2][RREQ] dado:[[3]] originario do no 3 recebido pelo no 0
INFO:root:Rotas do no 0: {0: 0, 1: [0, 1], 2: [0, 1, 2], 4: [1, 2, 4], 3: [0, 3]}
INFO:root:Pacote[2][RREQ] dado:[[3, 0]] originario do no 0 recebido pelo no 1
INFO:root:Rotas do no 1: {1: 1, 0: [1, 0], 2: [1, 2], 4: [1, 2, 4], 3: [1, 0, 3]}
INFO:root:Pacote[2][RREQ] dado:[[3, 0, 1]] originario do no 1 recebido pelo no 0
INFO:root:Pacote[2][RREQ] dado:[[3, 0, 1]] originario do no 1 recebido pelo no 2
INFO:root:Rotas do no 2: {2: 2, 1: [2, 1], 0: [2, 1, 0], 4: [2, 4], 3: [2, 1, 0, 3]}
INFO:root:Pacote[2][RREQ] dado:[[3, 0, 1, 2]] originario do no 2 recebido pelo no 1
INFO:root:Pacote[2][RREQ] dado:[[3, 0, 1, 2]] originario do no 2 recebido pelo no 4
INFO:root:Rotas do no 4: {4: 4, 2: [4, 2], 1: [4, 2, 1], 0: [4, 2, 1, 0], 3: [4, 2, 1, 0, 3]}
INFO:root:Pacote[2][RREQ] dado:[[3, 0, 1, 2, 4]] originario do no 4 recebido pelo no 0
INFO:root:Pacote[2][RREQ] dado:[[3, 0, 1, 2, 4]] originario do no 4 recebido pelo no 1
INFO:root:Pacote[2][RREQ] dado:[[3, 0, 1, 2, 4]] originario do no 4 recebido pelo no 2
INFO:root:Pacote[2][RREQ] dado:[[3, 0, 1, 2, 4]] originario do no 4 recebido pelo no 3
INFO:root:Pacote[2][RREQ] dado:[[3, 0, 1, 2, 4]] originario do no 4 recebido pelo no 5
INFO:root:Rotas do no 5: {5: 5, 2: [5, 2], 1: [5, 2, 1], 0: [5, 2, 1, 0], 4: [5, 4], 3: [5, 4, 2, 1, 0, 3]}
INFO:root:Pacote[2][RREQ] dado:[[3, 0, 1, 2, 4, 5]] originario do no 5 recebido pelo no 1
INFO:root:Pacote[2][RREQ] dado:[[3, 0, 1, 2, 4, 5]] originario do no 5 recebido pelo no 2
INFO:root:Pacote[2][RREQ] dado:[[3, 0, 1, 2, 4, 5]] originario do no 5 recebido pelo no 4
INFO:root:Pacote[2][RREQ] dado:[[3, 0, 1, 2, 4, 5]] originario do no 5 recebido pelo no 7
INFO:root:Rotas do no 7: {7: 7, 5: [7, 5], 2: [7, 5, 2], 1: [7, 5, 2, 1], 0: [7, 5, 2, 1, 0], 4: [7, 5, 4], 3: [7, 5, 4, 2, 1, 0, 3]}
INFO:root:Pacote[2][RREQ] dado:[[3, 0, 1, 2, 4, 5, 7]] originario do no 7 recebido pelo no 3
INFO:root:Pacote[2][RREQ] dado:[[3, 0, 1, 2, 4, 5, 7]] originario do no 7 recebido pelo no 4
INFO:root:Pacote[2][RREQ] dado:[[3, 0, 1, 2, 4, 5, 7]] originario do no 7 recebido pelo no 5
INFO:root:Pacote[2][RREQ] dado:[[3, 0, 1, 2, 4, 5, 7]] originario do no 7 recebido pelo no 6
INFO:root:Rotas do no 6: {6: 6, 3: [6, 3], 7: [6, 7], 5: [6, 7, 5], 2: [6, 3, 7, 5, 2], 1: [6, 3, 7, 5, 2, 1], 0: [6, 3, 7, 5, 2, 1, 0], 4: [6, 7, 5, 4]}
INFO:root:Pacote[2][RREQ] dado:[[3, 0, 1, 2, 4, 5, 7, 6]] originario do no 6 recebido pelo no 3
INFO:root:Pacote[2][RREQ] dado:[[3, 0, 1, 2, 4, 5, 7, 6]] originario do no 6 recebido pelo no 4
INFO:root:Pacote[2][RREQ] dado:[[3, 0, 1, 2, 4, 5, 7, 6]] originario do no 6 recebido pelo no 7
INFO:root:Pacote[2][RREQ] dado:[[3, 0, 1, 2, 4, 5, 7]] originario do no 7 recebido pelo no 8
INFO:root:Rotas do no 8: {8: 8, 7: [8, 7], 5: [8, 7, 5], 2: [8, 7, 5, 2], 1: [8, 7, 5, 2, 1], 0: [8, 7, 5, 2, 1, 0], 4: [8, 7, 5, 4], 3: [8, 7, 5, 4, 2, 1, 0, 3]}
INFO:root:Pacote[2][RREP] dado:[[8, 7, 5, 4, 2, 1, 0, 3]] originario do no 8 recebido pelo no 7
INFO:root:Rotas do no 7: {7: 7, 5: [7, 5], 2: [7, 5, 2], 1: [7, 5, 2, 1], 0: [7, 5, 2, 1, 0], 4: [7, 5, 4], 3: [7, 5, 4, 2, 1, 0, 3], 8: [7, 8]}
INFO:root:Pacote[2][RREP] dado:[[8, 7, 5, 4, 2, 1, 0, 3]] originario do no 7 recebido pelo no 5
INFO:root:Rotas do no 5: {5: 5, 2: [5, 2], 1: [5, 2, 1], 0: [5, 2, 1, 0], 4: [5, 4], 3: [5, 4, 2, 1, 0, 3], 7: [5, 7], 8: [5, 7, 8]}
INFO:root:Pacote[2][RREP] dado:[[8, 7, 5, 4, 2, 1, 0, 3]] originario do no 5 recebido pelo no 4
INFO:root:Rotas do no 4: {4: 4, 2: [4, 2], 1: [4, 2, 1], 0: [4, 2, 1, 0], 3: [4, 2, 1, 0, 3], 5: [4, 5], 7: [4, 5, 7], 8: [4, 5, 7, 8]}
INFO:root:Pacote[2][RREP] dado:[[8, 7, 5, 4, 2, 1, 0, 3]] originario do no 4 recebido pelo no 2
INFO:root:Rotas do no 2: {2: 2, 1: [2, 1], 0: [2, 1, 0], 4: [2, 4], 3: [2, 1, 0, 3], 5: [2, 4, 5], 7: [2, 4, 5, 7], 8: [2, 4, 5, 7, 8]}
INFO:root:Pacote[2][RREP] dado:[[8, 7, 5, 4, 2, 1, 0, 3]] originario do no 2 recebido pelo no 1
INFO:root:Rotas do no 1: {1: 1, 0: [1, 0], 2: [1, 2], 4: [1, 2, 4], 3: [1, 0, 3], 5: [1, 2, 4, 5], 7: [1, 2, 4, 5, 7], 8: [1, 2, 4, 5, 7, 8]}
INFO:root:Pacote[2][RREP] dado:[[8, 7, 5, 4, 2, 1, 0, 3]] originario do no 1 recebido pelo no 0
INFO:root:Rotas do no 0: {0: 0, 1: [0, 1], 2: [0, 1, 2], 4: [1, 2, 4], 3: [0, 3], 5: [0, 1, 2, 4, 5], 7: [0, 1, 2, 4, 5, 7], 8: [0, 1, 2, 4, 5, 7, 8]}
INFO:root:Pacote[2][RREP] dado:[[8, 7, 5, 4, 2, 1, 0, 3]] originario do no 0 recebido pelo no 3
INFO:root:Rotas do no 3: {3: 3, 7: [3, 7], 5: [3, 7, 5], 2: [3, 7, 5, 2], 1: [3, 0, 1], 0: [3, 0], 4: [3, 0, 1, 2, 4], 8: [3, 0, 1, 2, 4, 5, 7, 8]}
INFO:root:Pacote[2][RREQ] dado:[[3, 0, 1, 2, 4, 5]] originario do no 5 recebido pelo no 8
INFO:root:Pacote[2][RREQ] dado:[[3, 0, 1, 2, 4]] originario do no 4 recebido pelo no 6
INFO:root:Pacote[2][RREQ] dado:[[3, 0, 1, 2, 4]] originario do no 4 recebido pelo no 7
INFO:root:Pacote[2][RREQ] dado:[[3, 0, 1, 2, 4]] originario do no 4 recebido pelo no 8
INFO:root:Pacote[2][RREQ] dado:[[3, 0, 1, 2]] originario do no 2 recebido pelo no 5
INFO:root:Pacote[2][RREQ] dado:[[3, 0, 1]] originario do no 1 recebido pelo no 3
INFO:root:Pacote[2][RREQ] dado:[[3, 0, 1]] originario do no 1 recebido pelo no 4
INFO:root:Pacote[2][RREQ] dado:[[3, 0, 1]] originario do no 1 recebido pelo no 5
INFO:root:Pacote[2][RREQ] dado:[[3, 0]] originario do no 0 recebido pelo no 3
INFO:root:Pacote[2][RREQ] dado:[[3, 0]] originario do no 0 recebido pelo no 4
INFO:root:Pacote[2][RREQ] dado:[[3]] originario do no 3 recebido pelo no 1
INFO:root:Pacote[2][RREQ] dado:[[3]] originario do no 3 recebido pelo no 4
INFO:root:Pacote[2][RREQ] dado:[[3]] originario do no 3 recebido pelo no 6
INFO:root:Pacote[2][RREQ] dado:[[3]] originario do no 3 recebido pelo no 7
INFO:root:Pacote[10][DATA] dado:[[1, 1, 2, 2, 1]] originario do no 3 recebido pelo no 0
INFO:root:Pacote[10][DATA] dado:[[1, 1, 2, 2, 1]] originario do no 0 recebido pelo no 1
INFO:root:Pacote[10][DATA] dado:[[1, 1, 2, 2, 1]] originario do no 1 recebido pelo no 2
INFO:root:Pacote[10][DATA] dado:[[1, 1, 2, 2, 1]] originario do no 2 recebido pelo no 4
INFO:root:Pacote[10][DATA] dado:[[1, 1, 2, 2, 1]] originario do no 4 recebido pelo no 5
INFO:root:Pacote[10][DATA] dado:[[1, 1, 2, 2, 1]] originario do no 5 recebido pelo no 7
INFO:root:Pacote[10][DATA] dado:[[1, 1, 2, 2, 1]] originario do no 7 recebido pelo no 8
INFO:root:Pacote[10][DATA]chegou ao destino final 8
